app/build/intermediates/manifest_merge_blame_file/debug/processDebugMainManifest/manifest-merger-blame-debug-report.txt
1<?xml version="1.0" encoding="utf-8"?>
2<manifest xmlns:android="http://schemas.android.com/apk/res/android"
3    package="com.example.fairshare_frontend"
4    android:versionCode="1"
5    android:versionName="1.0" >
6
7    <uses-sdk
8        android:minSdkVersion="24"
9        android:targetSdkVersion="36" />
10
11    <uses-permission android:name="android.permission.INTERNET" />
11-->src\main\AndroidManifest.xml:5:5-67
11-->src\main\AndroidManifest.xml:5:22-64
12    <uses-permission android:name="android.permission.ACCESS_NETWORK_STATE" /> <!-- Used to check if a browser is available before launching phone auth -->
12-->[com.firebaseui:firebase-ui-auth:9.1.1] AndroidManifest.xml:8:5-79
12-->[com.firebaseui:firebase-ui-auth:9.1.1] AndroidManifest.xml:8:22-76
13    <!-- See ui/phone/PhoneNumberVerificationHandler.isBrowserAvailable() -->
14    <queries>
14-->[com.firebaseui:firebase-ui-auth:9.1.1] AndroidManifest.xml:13:5-21:15
15        <intent>
15-->[com.firebaseui:firebase-ui-auth:9.1.1] AndroidManifest.xml:14:9-20:18
16            <action android:name="android.intent.action.VIEW" />
16-->[com.firebaseui:firebase-ui-auth:9.1.1] AndroidManifest.xml:15:13-65
16-->[com.firebaseui:firebase-ui-auth:9.1.1] AndroidManifest.xml:15:21-62
17
18            <category android:name="android.intent.category.BROWSABLE" />
18-->[com.firebaseui:firebase-ui-auth:9.1.1] AndroidManifest.xml:17:13-74
18-->[com.firebaseui:firebase-ui-auth:9.1.1] AndroidManifest.xml:17:23-71
19
20            <data android:scheme="http" />
20-->[com.firebaseui:firebase-ui-auth:9.1.1] AndroidManifest.xml:19:13-43
20-->[com.firebaseui:firebase-ui-auth:9.1.1] AndroidManifest.xml:19:19-40
21        </intent>
22    </queries>
23
24    <uses-permission android:name="com.google.android.providers.gsf.permission.READ_GSERVICES" />
24-->[com.google.android.recaptcha:recaptcha:18.6.1] AndroidManifest.xml:9:5-98
24-->[com.google.android.recaptcha:recaptcha:18.6.1] AndroidManifest.xml:9:22-95
25
26    <permission
26-->[androidx.core:core:1.16.0] AndroidManifest.xml:22:5-24:47
27        android:name="com.example.fairshare_frontend.DYNAMIC_RECEIVER_NOT_EXPORTED_PERMISSION"
27-->[androidx.core:core:1.16.0] AndroidManifest.xml:23:9-81
28        android:protectionLevel="signature" />
28-->[androidx.core:core:1.16.0] AndroidManifest.xml:24:9-44
29
30    <uses-permission android:name="com.example.fairshare_frontend.DYNAMIC_RECEIVER_NOT_EXPORTED_PERMISSION" />
30-->[androidx.core:core:1.16.0] AndroidManifest.xml:26:5-97
30-->[androidx.core:core:1.16.0] AndroidManifest.xml:26:22-94
31
32    <application
32-->src\main\AndroidManifest.xml:7:5-38:19
33        android:allowBackup="true"
33-->src\main\AndroidManifest.xml:8:9-35
34        android:appComponentFactory="androidx.core.app.CoreComponentFactory"
34-->[androidx.core:core:1.16.0] AndroidManifest.xml:28:18-86
35        android:dataExtractionRules="@xml/data_extraction_rules"
35-->src\main\AndroidManifest.xml:9:9-65
36        android:debuggable="true"
37        android:extractNativeLibs="false"
38        android:fullBackupContent="@xml/backup_rules"
38-->src\main\AndroidManifest.xml:10:9-54
39        android:icon="@mipmap/ic_launcher"
39-->src\main\AndroidManifest.xml:11:9-43
40        android:label="@string/app_name"
40-->src\main\AndroidManifest.xml:12:9-41
41        android:roundIcon="@mipmap/ic_launcher_round"
41-->src\main\AndroidManifest.xml:13:9-54
42        android:supportsRtl="true"
42-->src\main\AndroidManifest.xml:14:9-35
43        android:testOnly="true"
44        android:theme="@style/Theme.FairSharefrontend" >
44-->src\main\AndroidManifest.xml:15:9-55
45        <activity
45-->src\main\AndroidManifest.xml:17:9-24:20
46            android:name="com.example.fairshare_frontend.MainActivity"
46-->src\main\AndroidManifest.xml:18:13-41
47            android:exported="true" >
47-->src\main\AndroidManifest.xml:19:13-36
48            <intent-filter>
48-->src\main\AndroidManifest.xml:20:13-23:29
49                <action android:name="android.intent.action.MAIN" />
49-->src\main\AndroidManifest.xml:21:17-69
49-->src\main\AndroidManifest.xml:21:25-66
50
51                <category android:name="android.intent.category.LAUNCHER" />
51-->src\main\AndroidManifest.xml:22:17-77
51-->src\main\AndroidManifest.xml:22:27-74
52            </intent-filter>
53        </activity>
54        <activity
54-->src\main\AndroidManifest.xml:26:9-30:40
55            android:name="com.firebase.ui.auth.KickoffActivity"
55-->src\main\AndroidManifest.xml:27:13-64
56            android:exported="false"
56-->src\main\AndroidManifest.xml:30:13-37
57            android:label=""
57-->[com.firebaseui:firebase-ui-auth:9.1.1] AndroidManifest.xml:34:13-29
58            android:theme="@style/Theme.FairSharefrontend.Auth" />
58-->src\main\AndroidManifest.xml:28:13-64
59        <activity
59-->src\main\AndroidManifest.xml:32:9-36:40
60            android:name="com.firebase.ui.auth.ui.email.EmailActivity"
60-->src\main\AndroidManifest.xml:33:13-71
61            android:exported="false"
61-->src\main\AndroidManifest.xml:36:13-37
62            android:label="@string/fui_sign_in_default"
62-->[com.firebaseui:firebase-ui-auth:9.1.1] AndroidManifest.xml:54:13-56
63            android:theme="@style/Theme.FairSharefrontend.Auth"
63-->src\main\AndroidManifest.xml:34:13-64
64            android:windowSoftInputMode="adjustResize" />
64-->[com.firebaseui:firebase-ui-auth:9.1.1] AndroidManifest.xml:55:13-55
65
66        <meta-data
66-->[com.firebaseui:firebase-ui-auth:9.1.1] AndroidManifest.xml:24:9-26:69
67            android:name="com.google.android.gms.version"
67-->[com.firebaseui:firebase-ui-auth:9.1.1] AndroidManifest.xml:25:13-58
68            android:value="@integer/google_play_services_version" />
68-->[com.firebaseui:firebase-ui-auth:9.1.1] AndroidManifest.xml:26:13-66
69        <meta-data
69-->[com.firebaseui:firebase-ui-auth:9.1.1] AndroidManifest.xml:27:9-29:63
70            android:name="com.facebook.sdk.ApplicationId"
70-->[com.firebaseui:firebase-ui-auth:9.1.1] AndroidManifest.xml:28:13-58
71            android:value="@string/facebook_application_id" />
71-->[com.firebaseui:firebase-ui-auth:9.1.1] AndroidManifest.xml:29:13-60
72
73        <activity
73-->[com.firebaseui:firebase-ui-auth:9.1.1] AndroidManifest.xml:36:9-40:61
74            android:name="com.firebase.ui.auth.ui.idp.SingleSignInActivity"
74-->[com.firebaseui:firebase-ui-auth:9.1.1] AndroidManifest.xml:37:13-76
75            android:exported="false"
75-->[com.firebaseui:firebase-ui-auth:9.1.1] AndroidManifest.xml:38:13-37
76            android:label=""
76-->[com.firebaseui:firebase-ui-auth:9.1.1] AndroidManifest.xml:39:13-29
77            android:theme="@style/FirebaseUI.Transparent" />
77-->[com.firebaseui:firebase-ui-auth:9.1.1] AndroidManifest.xml:40:13-58
78        <activity
78-->[com.firebaseui:firebase-ui-auth:9.1.1] AndroidManifest.xml:41:9-45:61
79            android:name="com.firebase.ui.auth.ui.credentials.CredentialSaveActivity"
79-->[com.firebaseui:firebase-ui-auth:9.1.1] AndroidManifest.xml:42:13-86
80            android:exported="false"
80-->[com.firebaseui:firebase-ui-auth:9.1.1] AndroidManifest.xml:43:13-37
81            android:label=""
81-->[com.firebaseui:firebase-ui-auth:9.1.1] AndroidManifest.xml:44:13-29
82            android:theme="@style/FirebaseUI.Transparent" />
82-->[com.firebaseui:firebase-ui-auth:9.1.1] AndroidManifest.xml:45:13-58
83        <activity
83-->[com.firebaseui:firebase-ui-auth:9.1.1] AndroidManifest.xml:46:9-50:58
84            android:name="com.firebase.ui.auth.ui.email.RecoverPasswordActivity"
84-->[com.firebaseui:firebase-ui-auth:9.1.1] AndroidManifest.xml:47:13-81
85            android:exported="false"
85-->[com.firebaseui:firebase-ui-auth:9.1.1] AndroidManifest.xml:48:13-37
86            android:label="@string/fui_title_recover_password_activity"
86-->[com.firebaseui:firebase-ui-auth:9.1.1] AndroidManifest.xml:49:13-72
87            android:windowSoftInputMode="adjustResize" />
87-->[com.firebaseui:firebase-ui-auth:9.1.1] AndroidManifest.xml:50:13-55
88        <activity
88-->[com.firebaseui:firebase-ui-auth:9.1.1] AndroidManifest.xml:56:9-60:77
89            android:name="com.firebase.ui.auth.ui.phone.PhoneActivity"
89-->[com.firebaseui:firebase-ui-auth:9.1.1] AndroidManifest.xml:57:13-71
90            android:exported="false"
90-->[com.firebaseui:firebase-ui-auth:9.1.1] AndroidManifest.xml:58:13-37
91            android:label="@string/fui_sign_in_with_phone_number"
91-->[com.firebaseui:firebase-ui-auth:9.1.1] AndroidManifest.xml:59:13-66
92            android:windowSoftInputMode="adjustResize|stateAlwaysVisible" />
92-->[com.firebaseui:firebase-ui-auth:9.1.1] AndroidManifest.xml:60:13-74
93        <activity
93-->[com.firebaseui:firebase-ui-auth:9.1.1] AndroidManifest.xml:61:9-65:58
94            android:name="com.firebase.ui.auth.ui.idp.WelcomeBackIdpPrompt"
94-->[com.firebaseui:firebase-ui-auth:9.1.1] AndroidManifest.xml:62:13-76
95            android:exported="false"
95-->[com.firebaseui:firebase-ui-auth:9.1.1] AndroidManifest.xml:63:13-37
96            android:label="@string/fui_title_welcome_back_idp_prompt"
96-->[com.firebaseui:firebase-ui-auth:9.1.1] AndroidManifest.xml:64:13-70
97            android:windowSoftInputMode="adjustResize" />
97-->[com.firebaseui:firebase-ui-auth:9.1.1] AndroidManifest.xml:65:13-55
98        <activity
98-->[com.firebaseui:firebase-ui-auth:9.1.1] AndroidManifest.xml:66:9-70:58
99            android:name="com.firebase.ui.auth.ui.email.WelcomeBackPasswordPrompt"
99-->[com.firebaseui:firebase-ui-auth:9.1.1] AndroidManifest.xml:67:13-83
100            android:exported="false"
100-->[com.firebaseui:firebase-ui-auth:9.1.1] AndroidManifest.xml:68:13-37
101            android:label="@string/fui_title_welcome_back_password_prompt"
101-->[com.firebaseui:firebase-ui-auth:9.1.1] AndroidManifest.xml:69:13-75
102            android:windowSoftInputMode="adjustResize" />
102-->[com.firebaseui:firebase-ui-auth:9.1.1] AndroidManifest.xml:70:13-55
103        <activity
103-->[com.firebaseui:firebase-ui-auth:9.1.1] AndroidManifest.xml:71:9-75:58
104            android:name="com.firebase.ui.auth.ui.email.WelcomeBackEmailLinkPrompt"
104-->[com.firebaseui:firebase-ui-auth:9.1.1] AndroidManifest.xml:72:13-84
105            android:exported="false"
105-->[com.firebaseui:firebase-ui-auth:9.1.1] AndroidManifest.xml:73:13-37
106            android:label="@string/fui_title_welcome_back_password_prompt"
106-->[com.firebaseui:firebase-ui-auth:9.1.1] AndroidManifest.xml:74:13-75
107            android:windowSoftInputMode="adjustResize" />
107-->[com.firebaseui:firebase-ui-auth:9.1.1] AndroidManifest.xml:75:13-55
108        <activity
108-->[com.firebaseui:firebase-ui-auth:9.1.1] AndroidManifest.xml:76:9-81:58
109            android:name="com.firebase.ui.auth.ui.email.EmailLinkCatcherActivity"
109-->[com.firebaseui:firebase-ui-auth:9.1.1] AndroidManifest.xml:77:13-82
110            android:exported="false"
110-->[com.firebaseui:firebase-ui-auth:9.1.1] AndroidManifest.xml:78:13-37
111            android:label=""
111-->[com.firebaseui:firebase-ui-auth:9.1.1] AndroidManifest.xml:79:13-29
112            android:theme="@style/FirebaseUI.Transparent"
112-->[com.firebaseui:firebase-ui-auth:9.1.1] AndroidManifest.xml:80:13-58
113            android:windowSoftInputMode="adjustResize" />
113-->[com.firebaseui:firebase-ui-auth:9.1.1] AndroidManifest.xml:81:13-55
114        <activity
114-->[com.firebaseui:firebase-ui-auth:9.1.1] AndroidManifest.xml:82:9-86:58
115            android:name="com.firebase.ui.auth.ui.email.EmailLinkErrorRecoveryActivity"
115-->[com.firebaseui:firebase-ui-auth:9.1.1] AndroidManifest.xml:83:13-88
116            android:exported="false"
116-->[com.firebaseui:firebase-ui-auth:9.1.1] AndroidManifest.xml:84:13-37
117            android:label="@string/fui_sign_in_default"
117-->[com.firebaseui:firebase-ui-auth:9.1.1] AndroidManifest.xml:85:13-56
118            android:windowSoftInputMode="adjustResize" />
118-->[com.firebaseui:firebase-ui-auth:9.1.1] AndroidManifest.xml:86:13-55
119        <activity
119-->[com.firebaseui:firebase-ui-auth:9.1.1] AndroidManifest.xml:87:9-90:65
120            android:name="com.firebase.ui.auth.ui.idp.AuthMethodPickerActivity"
120-->[com.firebaseui:firebase-ui-auth:9.1.1] AndroidManifest.xml:88:13-80
121            android:exported="false"
121-->[com.firebaseui:firebase-ui-auth:9.1.1] AndroidManifest.xml:89:13-37
122            android:label="@string/fui_default_toolbar_title" />
122-->[com.firebaseui:firebase-ui-auth:9.1.1] AndroidManifest.xml:90:13-62
123        <activity
123-->[com.firebaseui:firebase-ui-auth:9.1.1] AndroidManifest.xml:91:9-95:48
124            android:name="com.facebook.FacebookActivity"
124-->[com.firebaseui:firebase-ui-auth:9.1.1] AndroidManifest.xml:92:13-57
125            android:configChanges="keyboard|keyboardHidden|screenLayout|screenSize|orientation"
125-->[com.firebaseui:firebase-ui-auth:9.1.1] AndroidManifest.xml:93:13-96
126            android:label="@string/app_name" />
126-->[com.firebaseui:firebase-ui-auth:9.1.1] AndroidManifest.xml:94:13-45
127        <activity
127-->[com.firebaseui:firebase-ui-auth:9.1.1] AndroidManifest.xml:96:9-108:20
128            android:name="com.facebook.CustomTabActivity"
128-->[com.firebaseui:firebase-ui-auth:9.1.1] AndroidManifest.xml:97:13-58
129            android:exported="true" >
129-->[com.firebaseui:firebase-ui-auth:9.1.1] AndroidManifest.xml:98:13-36
130            <intent-filter>
130-->[com.firebaseui:firebase-ui-auth:9.1.1] AndroidManifest.xml:100:13-107:29
131                <action android:name="android.intent.action.VIEW" />
131-->[com.firebaseui:firebase-ui-auth:9.1.1] AndroidManifest.xml:15:13-65
131-->[com.firebaseui:firebase-ui-auth:9.1.1] AndroidManifest.xml:15:21-62
132
133                <category android:name="android.intent.category.DEFAULT" />
133-->[com.firebaseui:firebase-ui-auth:9.1.1] AndroidManifest.xml:103:17-76
133-->[com.firebaseui:firebase-ui-auth:9.1.1] AndroidManifest.xml:103:27-73
134                <category android:name="android.intent.category.BROWSABLE" />
134-->[com.firebaseui:firebase-ui-auth:9.1.1] AndroidManifest.xml:17:13-74
134-->[com.firebaseui:firebase-ui-auth:9.1.1] AndroidManifest.xml:17:23-71
135
136                <data android:scheme="@string/facebook_login_protocol_scheme" />
136-->[com.firebaseui:firebase-ui-auth:9.1.1] AndroidManifest.xml:19:13-43
136-->[com.firebaseui:firebase-ui-auth:9.1.1] AndroidManifest.xml:19:19-40
137            </intent-filter>
138        </activity>
139
140        <provider
140-->[com.firebaseui:firebase-ui-auth:9.1.1] AndroidManifest.xml:110:9-114:38
141            android:name="com.firebase.ui.auth.data.client.AuthUiInitProvider"
141-->[com.firebaseui:firebase-ui-auth:9.1.1] AndroidManifest.xml:111:13-79
142            android:authorities="com.example.fairshare_frontend.authuiinitprovider"
142-->[com.firebaseui:firebase-ui-auth:9.1.1] AndroidManifest.xml:112:13-70
143            android:exported="false"
143-->[com.firebaseui:firebase-ui-auth:9.1.1] AndroidManifest.xml:113:13-37
144            android:initOrder="90" />
144-->[com.firebaseui:firebase-ui-auth:9.1.1] AndroidManifest.xml:114:13-35
145
146        <activity
146-->[com.google.firebase:firebase-auth:24.0.1] AndroidManifest.xml:29:9-46:20
147            android:name="com.google.firebase.auth.internal.GenericIdpActivity"
147-->[com.google.firebase:firebase-auth:24.0.1] AndroidManifest.xml:30:13-80
148            android:excludeFromRecents="true"
148-->[com.google.firebase:firebase-auth:24.0.1] AndroidManifest.xml:31:13-46
149            android:exported="true"
149-->[com.google.firebase:firebase-auth:24.0.1] AndroidManifest.xml:32:13-36
150            android:launchMode="singleTask"
150-->[com.google.firebase:firebase-auth:24.0.1] AndroidManifest.xml:33:13-44
151            android:theme="@android:style/Theme.Translucent.NoTitleBar" >
151-->[com.google.firebase:firebase-auth:24.0.1] AndroidManifest.xml:34:13-72
152            <intent-filter>
152-->[com.google.firebase:firebase-auth:24.0.1] AndroidManifest.xml:35:13-45:29
153                <action android:name="android.intent.action.VIEW" />
153-->[com.firebaseui:firebase-ui-auth:9.1.1] AndroidManifest.xml:15:13-65
153-->[com.firebaseui:firebase-ui-auth:9.1.1] AndroidManifest.xml:15:21-62
154
155                <category android:name="android.intent.category.DEFAULT" />
155-->[com.firebaseui:firebase-ui-auth:9.1.1] AndroidManifest.xml:103:17-76
155-->[com.firebaseui:firebase-ui-auth:9.1.1] AndroidManifest.xml:103:27-73
156                <category android:name="android.intent.category.BROWSABLE" />
156-->[com.firebaseui:firebase-ui-auth:9.1.1] AndroidManifest.xml:17:13-74
156-->[com.firebaseui:firebase-ui-auth:9.1.1] AndroidManifest.xml:17:23-71
157
158                <data
158-->[com.firebaseui:firebase-ui-auth:9.1.1] AndroidManifest.xml:19:13-43
159                    android:host="firebase.auth"
160                    android:path="/"
161                    android:scheme="genericidp" />
161-->[com.firebaseui:firebase-ui-auth:9.1.1] AndroidManifest.xml:19:19-40
162            </intent-filter>
163        </activity>
164        <activity
164-->[com.google.firebase:firebase-auth:24.0.1] AndroidManifest.xml:47:9-64:20
165            android:name="com.google.firebase.auth.internal.RecaptchaActivity"
165-->[com.google.firebase:firebase-auth:24.0.1] AndroidManifest.xml:48:13-79
166            android:excludeFromRecents="true"
166-->[com.google.firebase:firebase-auth:24.0.1] AndroidManifest.xml:49:13-46
167            android:exported="true"
167-->[com.google.firebase:firebase-auth:24.0.1] AndroidManifest.xml:50:13-36
168            android:launchMode="singleTask"
168-->[com.google.firebase:firebase-auth:24.0.1] AndroidManifest.xml:51:13-44
169            android:theme="@android:style/Theme.Translucent.NoTitleBar" >
169-->[com.google.firebase:firebase-auth:24.0.1] AndroidManifest.xml:52:13-72
170            <intent-filter>
170-->[com.google.firebase:firebase-auth:24.0.1] AndroidManifest.xml:53:13-63:29
171                <action android:name="android.intent.action.VIEW" />
171-->[com.firebaseui:firebase-ui-auth:9.1.1] AndroidManifest.xml:15:13-65
171-->[com.firebaseui:firebase-ui-auth:9.1.1] AndroidManifest.xml:15:21-62
172
173                <category android:name="android.intent.category.DEFAULT" />
173-->[com.firebaseui:firebase-ui-auth:9.1.1] AndroidManifest.xml:103:17-76
173-->[com.firebaseui:firebase-ui-auth:9.1.1] AndroidManifest.xml:103:27-73
174                <category android:name="android.intent.category.BROWSABLE" />
174-->[com.firebaseui:firebase-ui-auth:9.1.1] AndroidManifest.xml:17:13-74
174-->[com.firebaseui:firebase-ui-auth:9.1.1] AndroidManifest.xml:17:23-71
175
176                <data
176-->[com.firebaseui:firebase-ui-auth:9.1.1] AndroidManifest.xml:19:13-43
177                    android:host="firebase.auth"
178                    android:path="/"
179                    android:scheme="recaptcha" />
179-->[com.firebaseui:firebase-ui-auth:9.1.1] AndroidManifest.xml:19:19-40
180            </intent-filter>
181        </activity>
182
183        <service
183-->[com.google.firebase:firebase-auth:24.0.1] AndroidManifest.xml:66:9-72:19
184            android:name="com.google.firebase.components.ComponentDiscoveryService"
184-->[com.google.firebase:firebase-auth:24.0.1] AndroidManifest.xml:67:13-84
185            android:directBootAware="true"
185-->[com.google.firebase:firebase-common:22.0.1] AndroidManifest.xml:32:13-43
186            android:exported="false" >
186-->[com.google.firebase:firebase-auth:24.0.1] AndroidManifest.xml:68:13-37
187            <meta-data
187-->[com.google.firebase:firebase-auth:24.0.1] AndroidManifest.xml:69:13-71:85
188                android:name="com.google.firebase.components:com.google.firebase.auth.FirebaseAuthRegistrar"
188-->[com.google.firebase:firebase-auth:24.0.1] AndroidManifest.xml:70:17-109
189                android:value="com.google.firebase.components.ComponentRegistrar" />
189-->[com.google.firebase:firebase-auth:24.0.1] AndroidManifest.xml:71:17-82
190            <meta-data
190-->[com.google.firebase:firebase-common:22.0.1] AndroidManifest.xml:35:13-37:85
191                android:name="com.google.firebase.components:com.google.firebase.FirebaseCommonKtxRegistrar"
191-->[com.google.firebase:firebase-common:22.0.1] AndroidManifest.xml:36:17-109
192                android:value="com.google.firebase.components.ComponentRegistrar" />
192-->[com.google.firebase:firebase-common:22.0.1] AndroidManifest.xml:37:17-82
193        </service>
194        <service
194-->[androidx.credentials:credentials-play-services-auth:1.3.0] AndroidManifest.xml:24:9-32:19
195            android:name="androidx.credentials.playservices.CredentialProviderMetadataHolder"
195-->[androidx.credentials:credentials-play-services-auth:1.3.0] AndroidManifest.xml:25:13-94
196            android:enabled="true"
196-->[androidx.credentials:credentials-play-services-auth:1.3.0] AndroidManifest.xml:26:13-35
197            android:exported="false" >
197-->[androidx.credentials:credentials-play-services-auth:1.3.0] AndroidManifest.xml:27:13-37
198            <meta-data
198-->[androidx.credentials:credentials-play-services-auth:1.3.0] AndroidManifest.xml:29:13-31:104
199                android:name="androidx.credentials.CREDENTIAL_PROVIDER_KEY"
199-->[androidx.credentials:credentials-play-services-auth:1.3.0] AndroidManifest.xml:30:17-76
200                android:value="androidx.credentials.playservices.CredentialProviderPlayServicesImpl" />
200-->[androidx.credentials:credentials-play-services-auth:1.3.0] AndroidManifest.xml:31:17-101
201        </service>
202
203        <activity
203-->[androidx.credentials:credentials-play-services-auth:1.3.0] AndroidManifest.xml:34:9-41:20
204            android:name="androidx.credentials.playservices.HiddenActivity"
204-->[androidx.credentials:credentials-play-services-auth:1.3.0] AndroidManifest.xml:35:13-76
205            android:configChanges="orientation|screenSize|screenLayout|keyboardHidden"
205-->[androidx.credentials:credentials-play-services-auth:1.3.0] AndroidManifest.xml:36:13-87
206            android:enabled="true"
206-->[androidx.credentials:credentials-play-services-auth:1.3.0] AndroidManifest.xml:37:13-35
207            android:exported="false"
207-->[androidx.credentials:credentials-play-services-auth:1.3.0] AndroidManifest.xml:38:13-37
208            android:fitsSystemWindows="true"
208-->[androidx.credentials:credentials-play-services-auth:1.3.0] AndroidManifest.xml:39:13-45
209            android:theme="@style/Theme.Hidden" >
209-->[androidx.credentials:credentials-play-services-auth:1.3.0] AndroidManifest.xml:40:13-48
210        </activity>
211        <activity
211-->[com.google.android.gms:play-services-auth:21.3.0] AndroidManifest.xml:23:9-27:75
212            android:name="com.google.android.gms.auth.api.signin.internal.SignInHubActivity"
212-->[com.google.android.gms:play-services-auth:21.3.0] AndroidManifest.xml:24:13-93
213            android:excludeFromRecents="true"
213-->[com.google.android.gms:play-services-auth:21.3.0] AndroidManifest.xml:25:13-46
214            android:exported="false"
214-->[com.google.android.gms:play-services-auth:21.3.0] AndroidManifest.xml:26:13-37
215            android:theme="@android:style/Theme.Translucent.NoTitleBar" />
215-->[com.google.android.gms:play-services-auth:21.3.0] AndroidManifest.xml:27:13-72
216        <!--
217            Service handling Google Sign-In user revocation. For apps that do not integrate with
218            Google Sign-In, this service will never be started.
219        -->
220        <service
220-->[com.google.android.gms:play-services-auth:21.3.0] AndroidManifest.xml:33:9-37:51
221            android:name="com.google.android.gms.auth.api.signin.RevocationBoundService"
221-->[com.google.android.gms:play-services-auth:21.3.0] AndroidManifest.xml:34:13-89
222            android:exported="true"
222-->[com.google.android.gms:play-services-auth:21.3.0] AndroidManifest.xml:35:13-36
223            android:permission="com.google.android.gms.auth.api.signin.permission.REVOCATION_NOTIFICATION"
223-->[com.google.android.gms:play-services-auth:21.3.0] AndroidManifest.xml:36:13-107
224            android:visibleToInstantApps="true" />
224-->[com.google.android.gms:play-services-auth:21.3.0] AndroidManifest.xml:37:13-48
225
226        <provider
226-->[com.google.firebase:firebase-common:22.0.1] AndroidManifest.xml:23:9-28:39
227            android:name="com.google.firebase.provider.FirebaseInitProvider"
227-->[com.google.firebase:firebase-common:22.0.1] AndroidManifest.xml:24:13-77
228            android:authorities="com.example.fairshare_frontend.firebaseinitprovider"
228-->[com.google.firebase:firebase-common:22.0.1] AndroidManifest.xml:25:13-72
229            android:directBootAware="true"
229-->[com.google.firebase:firebase-common:22.0.1] AndroidManifest.xml:26:13-43
230            android:exported="false"
230-->[com.google.firebase:firebase-common:22.0.1] AndroidManifest.xml:27:13-37
231            android:initOrder="100" />
231-->[com.google.firebase:firebase-common:22.0.1] AndroidManifest.xml:28:13-36
232
233        <activity
233-->[com.google.android.gms:play-services-base:18.5.0] AndroidManifest.xml:5:9-173
234            android:name="com.google.android.gms.common.api.GoogleApiActivity"
234-->[com.google.android.gms:play-services-base:18.5.0] AndroidManifest.xml:5:19-85
235            android:exported="false"
235-->[com.google.android.gms:play-services-base:18.5.0] AndroidManifest.xml:5:146-170
236            android:theme="@android:style/Theme.Translucent.NoTitleBar" />
236-->[com.google.android.gms:play-services-base:18.5.0] AndroidManifest.xml:5:86-145
237
238        <provider
238-->[androidx.emoji2:emoji2:1.3.0] AndroidManifest.xml:24:9-32:20
239            android:name="androidx.startup.InitializationProvider"
239-->[androidx.emoji2:emoji2:1.3.0] AndroidManifest.xml:25:13-67
240            android:authorities="com.example.fairshare_frontend.androidx-startup"
240-->[androidx.emoji2:emoji2:1.3.0] AndroidManifest.xml:26:13-68
241            android:exported="false" >
241-->[androidx.emoji2:emoji2:1.3.0] AndroidManifest.xml:27:13-37
242            <meta-data
242-->[androidx.emoji2:emoji2:1.3.0] AndroidManifest.xml:29:13-31:52
243                android:name="androidx.emoji2.text.EmojiCompatInitializer"
243-->[androidx.emoji2:emoji2:1.3.0] AndroidManifest.xml:30:17-75
244                android:value="androidx.startup" />
244-->[androidx.emoji2:emoji2:1.3.0] AndroidManifest.xml:31:17-49
245            <meta-data
245-->[androidx.lifecycle:lifecycle-process:2.6.2] AndroidManifest.xml:29:13-31:52
246                android:name="androidx.lifecycle.ProcessLifecycleInitializer"
246-->[androidx.lifecycle:lifecycle-process:2.6.2] AndroidManifest.xml:30:17-78
247                android:value="androidx.startup" />
247-->[androidx.lifecycle:lifecycle-process:2.6.2] AndroidManifest.xml:31:17-49
248            <meta-data
248-->[androidx.profileinstaller:profileinstaller:1.4.0] AndroidManifest.xml:29:13-31:52
249                android:name="androidx.profileinstaller.ProfileInstallerInitializer"
249-->[androidx.profileinstaller:profileinstaller:1.4.0] AndroidManifest.xml:30:17-85
250                android:value="androidx.startup" />
250-->[androidx.profileinstaller:profileinstaller:1.4.0] AndroidManifest.xml:31:17-49
251        </provider>
252
253        <receiver
253-->[androidx.profileinstaller:profileinstaller:1.4.0] AndroidManifest.xml:34:9-52:20
254            android:name="androidx.profileinstaller.ProfileInstallReceiver"
254-->[androidx.profileinstaller:profileinstaller:1.4.0] AndroidManifest.xml:35:13-76
255            android:directBootAware="false"
255-->[androidx.profileinstaller:profileinstaller:1.4.0] AndroidManifest.xml:36:13-44
256            android:enabled="true"
256-->[androidx.profileinstaller:profileinstaller:1.4.0] AndroidManifest.xml:37:13-35
257            android:exported="true"
257-->[androidx.profileinstaller:profileinstaller:1.4.0] AndroidManifest.xml:38:13-36
258            android:permission="android.permission.DUMP" >
258-->[androidx.profileinstaller:profileinstaller:1.4.0] AndroidManifest.xml:39:13-57
259            <intent-filter>
259-->[androidx.profileinstaller:profileinstaller:1.4.0] AndroidManifest.xml:40:13-42:29
260                <action android:name="androidx.profileinstaller.action.INSTALL_PROFILE" />
260-->[androidx.profileinstaller:profileinstaller:1.4.0] AndroidManifest.xml:41:17-91
260-->[androidx.profileinstaller:profileinstaller:1.4.0] AndroidManifest.xml:41:25-88
261            </intent-filter>
262            <intent-filter>
262-->[androidx.profileinstaller:profileinstaller:1.4.0] AndroidManifest.xml:43:13-45:29
263                <action android:name="androidx.profileinstaller.action.SKIP_FILE" />
263-->[androidx.profileinstaller:profileinstaller:1.4.0] AndroidManifest.xml:44:17-85
263-->[androidx.profileinstaller:profileinstaller:1.4.0] AndroidManifest.xml:44:25-82
264            </intent-filter>
265            <intent-filter>
265-->[androidx.profileinstaller:profileinstaller:1.4.0] AndroidManifest.xml:46:13-48:29
266                <action android:name="androidx.profileinstaller.action.SAVE_PROFILE" />
266-->[androidx.profileinstaller:profileinstaller:1.4.0] AndroidManifest.xml:47:17-88
266-->[androidx.profileinstaller:profileinstaller:1.4.0] AndroidManifest.xml:47:25-85
267            </intent-filter>
268            <intent-filter>
268-->[androidx.profileinstaller:profileinstaller:1.4.0] AndroidManifest.xml:49:13-51:29
269                <action android:name="androidx.profileinstaller.action.BENCHMARK_OPERATION" />
269-->[androidx.profileinstaller:profileinstaller:1.4.0] AndroidManifest.xml:50:17-95
269-->[androidx.profileinstaller:profileinstaller:1.4.0] AndroidManifest.xml:50:25-92